<?xml version="1.0" encoding="UTF-8"?>
<testng-results skipped="0" failed="0" ignored="0" total="1" passed="1">
  <reporter-output>
  </reporter-output>
  <suite name="Default suite" duration-ms="13857" started-at="2021-04-08T14:03:45Z" finished-at="2021-04-08T14:03:59Z">
    <groups>
    </groups>
    <test name="Default test" duration-ms="13857" started-at="2021-04-08T14:03:45Z" finished-at="2021-04-08T14:03:59Z">
      <class name="com.bhimangroup.regression.FBTestCaseLoginPage">
        <test-method status="PASS" signature="verifyLoginForInvalidEmalOrPhone()[pri:0, instance:com.bhimangroup.regression.FBTestCaseLoginPage@6a41eaa2]" name="verifyLoginForInvalidEmalOrPhone" duration-ms="13780" started-at="2021-04-08T14:03:45Z" finished-at="2021-04-08T14:03:59Z">
          <reporter-output>
          </reporter-output>
        </test-method> <!-- verifyLoginForInvalidEmalOrPhone -->
      </class> <!-- com.bhimangroup.regression.FBTestCaseLoginPage -->
    </test> <!-- Default test -->
  </suite> <!-- Default suite -->
</testng-results>
